<?xml version="1.0" encoding="utf-8" standalone="no"?>
<!--This file represents the results of running a test suite-->
<test-results name="c:\dev\ShortBus\ShortBus.Tests\bin\debug\ShortBus.Tests.dll" total="2" errors="0" failures="0" not-run="0" inconclusive="0" ignored="0" skipped="0" invalid="0" date="2012-02-28" time="14:09:24">
  <environment nunit-version="2.5.9.10348" clr-version="2.0.50727.4963" os-version="Microsoft Windows NT 6.1.7600.0" platform="Win32NT" cwd="c:\dev\ShortBus\Build" machine-name="SARAH-PC" user="sarah" user-domain="sarah-PC" />
  <culture-info current-culture="en-US" current-uiculture="en-US" />
  <test-suite type="Assembly" name="c:\dev\ShortBus\ShortBus.Tests\bin\debug\ShortBus.Tests.dll" executed="True" result="Success" success="True" time="0.440" asserts="0">
    <results>
      <test-suite type="Namespace" name="ShortBus" executed="True" result="Success" success="True" time="0.430" asserts="0">
        <results>
          <test-suite type="Namespace" name="Tests" executed="True" result="Success" success="True" time="0.428" asserts="0">
            <results>
              <test-suite type="Namespace" name="Example" executed="True" result="Success" success="True" time="0.424" asserts="0">
                <results>
                  <test-suite type="TestFixture" name="BasicExample" executed="True" result="Success" success="True" time="0.423" asserts="0">
                    <results>
                      <test-case name="ShortBus.Tests.Example.BasicExample.RequestResponse" executed="True" result="Success" success="True" time="0.200" asserts="2" />
                      <test-case name="ShortBus.Tests.Example.BasicExample.Send" executed="True" result="Success" success="True" time="0.017" asserts="1" />
                    </results>
                  </test-suite>
                </results>
              </test-suite>
            </results>
          </test-suite>
        </results>
      </test-suite>
    </results>
  </test-suite>
</test-results>